2025-02-28 16:49:18 [main] INFO  o.s.t.c.s.AnnotationConfigContextLoaderUtils - Could not detect default configuration classes for test class [org.example.carrental.CarrentalApplicationTests]: CarrentalApplicationTests does not declare any static, non-private, non-final, nested classes annotated with @Configuration.
2025-02-28 16:49:18 [main] INFO  o.s.b.t.c.SpringBootTestContextBootstrapper - Found @SpringBootConfiguration org.example.carrental.CarrentalApplication for test class org.example.carrental.CarrentalApplicationTests
2025-02-28 16:49:18 [background-preinit] INFO  o.h.validator.internal.util.Version - HV000001: Hibernate Validator 8.0.2.Final
2025-02-28 16:49:18 [main] INFO  o.e.c.CarrentalApplicationTests - Starting CarrentalApplicationTests using Java 17.0.14 with PID 6356 (started by user in C:\Users\kms76\IdeaProjects\carrental)
2025-02-28 16:49:18 [main] INFO  o.e.c.CarrentalApplicationTests - No active profile set, falling back to 1 default profile: "default"
2025-02-28 16:49:20 [main] INFO  o.s.d.r.c.RepositoryConfigurationDelegate - Bootstrapping Spring Data JPA repositories in DEFAULT mode.
2025-02-28 16:49:20 [main] INFO  o.s.d.r.c.RepositoryConfigurationDelegate - Finished Spring Data repository scanning in 79 ms. Found 5 JPA repository interfaces.
2025-02-28 16:49:20 [main] INFO  o.h.jpa.internal.util.LogHelper - HHH000204: Processing PersistenceUnitInfo [name: default]
2025-02-28 16:49:20 [main] INFO  org.hibernate.Version - HHH000412: Hibernate ORM core version 6.5.3.Final
2025-02-28 16:49:20 [main] INFO  o.h.c.i.RegionFactoryInitiator - HHH000026: Second-level cache disabled
2025-02-28 16:49:21 [main] INFO  o.s.o.j.p.SpringPersistenceUnitInfo - No LoadTimeWeaver setup: ignoring JPA class transformer
2025-02-28 16:49:21 [main] INFO  com.zaxxer.hikari.HikariDataSource - HikariPool-1 - Starting...
2025-02-28 16:49:21 [main] INFO  com.zaxxer.hikari.pool.HikariPool - HikariPool-1 - Added connection org.postgresql.jdbc.PgConnection@4809c771
2025-02-28 16:49:21 [main] INFO  com.zaxxer.hikari.HikariDataSource - HikariPool-1 - Start completed.
2025-02-28 16:49:24 [main] INFO  o.h.e.t.j.p.i.JtaPlatformInitiator - HHH000489: No JTA platform available (set 'hibernate.transaction.jta.platform' to enable JTA platform integration)
2025-02-28 16:49:24 [main] INFO  o.s.o.j.LocalContainerEntityManagerFactoryBean - Initialized JPA EntityManagerFactory for persistence unit 'default'
2025-02-28 16:49:24 [main] INFO  o.s.d.j.r.query.QueryEnhancerFactory - Hibernate is in classpath; If applicable, HQL parser will be used.
2025-02-28 16:49:25 [main] WARN  o.s.b.a.o.j.JpaBaseConfiguration$JpaWebConfiguration - spring.jpa.open-in-view is enabled by default. Therefore, database queries may be performed during view rendering. Explicitly configure spring.jpa.open-in-view to disable this warning
2025-02-28 16:49:26 [main] INFO  o.e.c.CarrentalApplicationTests - Started CarrentalApplicationTests in 7.778 seconds (process running for 10.243)
2025-02-28 16:49:27 [main] INFO  o.e.c.c.RentalControllerTest - Starting RentalControllerTest using Java 17.0.14 with PID 6356 (started by user in C:\Users\kms76\IdeaProjects\carrental)
2025-02-28 16:49:27 [main] INFO  o.e.c.c.RentalControllerTest - No active profile set, falling back to 1 default profile: "default"
2025-02-28 16:49:27 [main] INFO  o.s.d.r.c.RepositoryConfigurationDelegate - Bootstrapping Spring Data JPA repositories in DEFAULT mode.
2025-02-28 16:49:27 [main] INFO  o.s.d.r.c.RepositoryConfigurationDelegate - Finished Spring Data repository scanning in 21 ms. Found 5 JPA repository interfaces.
2025-02-28 16:49:27 [main] INFO  o.h.jpa.internal.util.LogHelper - HHH000204: Processing PersistenceUnitInfo [name: default]
2025-02-28 16:49:27 [main] INFO  o.h.c.i.RegionFactoryInitiator - HHH000026: Second-level cache disabled
2025-02-28 16:49:27 [main] INFO  o.s.o.j.p.SpringPersistenceUnitInfo - No LoadTimeWeaver setup: ignoring JPA class transformer
2025-02-28 16:49:27 [main] INFO  com.zaxxer.hikari.HikariDataSource - HikariPool-2 - Starting...
2025-02-28 16:49:27 [main] INFO  com.zaxxer.hikari.pool.HikariPool - HikariPool-2 - Added connection org.postgresql.jdbc.PgConnection@27ebe541
2025-02-28 16:49:27 [main] INFO  com.zaxxer.hikari.HikariDataSource - HikariPool-2 - Start completed.
2025-02-28 16:49:28 [main] INFO  o.h.e.t.j.p.i.JtaPlatformInitiator - HHH000489: No JTA platform available (set 'hibernate.transaction.jta.platform' to enable JTA platform integration)
2025-02-28 16:49:28 [main] INFO  o.s.o.j.LocalContainerEntityManagerFactoryBean - Initialized JPA EntityManagerFactory for persistence unit 'default'
2025-02-28 16:49:28 [main] WARN  o.s.b.a.o.j.JpaBaseConfiguration$JpaWebConfiguration - spring.jpa.open-in-view is enabled by default. Therefore, database queries may be performed during view rendering. Explicitly configure spring.jpa.open-in-view to disable this warning
2025-02-28 16:49:28 [main] INFO  o.s.b.t.m.w.SpringBootMockServletContext - Initializing Spring TestDispatcherServlet ''
2025-02-28 16:49:28 [main] INFO  o.s.t.w.s.TestDispatcherServlet - Initializing Servlet ''
2025-02-28 16:49:28 [main] INFO  o.s.t.w.s.TestDispatcherServlet - Completed initialization in 2 ms
2025-02-28 16:49:28 [main] INFO  o.e.c.c.RentalControllerTest - Started RentalControllerTest in 1.379 seconds (process running for 12.347)
2025-02-28 16:49:29 [main] INFO  o.s.t.c.s.AnnotationConfigContextLoaderUtils - Could not detect default configuration classes for test class [org.example.carrental.controller.UserControllerTest]: UserControllerTest does not declare any static, non-private, non-final, nested classes annotated with @Configuration.
2025-02-28 16:49:29 [main] INFO  o.s.b.t.c.SpringBootTestContextBootstrapper - Found @SpringBootConfiguration org.example.carrental.CarrentalApplication for test class org.example.carrental.controller.UserControllerTest
2025-02-28 16:49:29 [main] ERROR o.e.c.c.c.MyExceptionController - 이미 존재하는 태그
2025-02-28 16:49:31 [main] INFO  o.e.carrental.service.CarService - 자동차(ID: 1489) 삭제 완료
2025-02-28 16:49:31 [main] INFO  o.s.t.c.s.AnnotationConfigContextLoaderUtils - Could not detect default configuration classes for test class [org.example.carrental.E2E.E2E]: E2E does not declare any static, non-private, non-final, nested classes annotated with @Configuration.
2025-02-28 16:49:31 [main] INFO  o.s.b.t.c.SpringBootTestContextBootstrapper - Found @SpringBootConfiguration org.example.carrental.CarrentalApplication for test class org.example.carrental.E2E.E2E
2025-02-28 16:49:31 [main] ERROR o.e.c.c.c.MyExceptionController - 렌탈 중인 차량: 렌탈 중인 차량입니다. (ID: 1496)
2025-02-28 16:49:31 [main] ERROR o.e.c.c.c.MyExceptionController - Validation failed for classes [org.example.carrental.entity.Car] during persist time for groups [jakarta.validation.groups.Default, ]
List of constraint violations:[
	ConstraintViolationImpl{interpolatedMessage='자동차 이름은 필수입니다.', propertyPath=name, rootBeanClass=class org.example.carrental.entity.Car, messageTemplate='자동차 이름은 필수입니다.'}
]
2025-02-28 16:49:31 [main] ERROR o.e.c.c.c.MyExceptionController - Car not found: 자동차 ID 999 를 찾을 수 없음
2025-02-28 16:49:31 [main] ERROR o.e.c.c.c.MyExceptionController - 해당 ID의 사용자를 찾을 수 없음
2025-02-28 16:49:31 [main] INFO  o.e.carrental.service.CarService - 자동차(ID: 1497) 삭제 완료
2025-02-28 16:49:31 [main] ERROR o.e.c.c.c.MyExceptionController - 해당 ID의 자동차를 찾을 수 없음
2025-02-28 16:49:31 [main] INFO  o.s.t.c.s.AnnotationConfigContextLoaderUtils - Could not detect default configuration classes for test class [org.example.carrental.service.CarServiceTest]: CarServiceTest does not declare any static, non-private, non-final, nested classes annotated with @Configuration.
2025-02-28 16:49:31 [main] INFO  o.s.b.t.c.SpringBootTestContextBootstrapper - Found @SpringBootConfiguration org.example.carrental.CarrentalApplication for test class org.example.carrental.service.CarServiceTest
2025-02-28 16:49:31 [main] INFO  o.e.carrental.service.CarService - 자동차(ID: 1505) 삭제 완료
2025-02-28 16:49:31 [main] INFO  o.s.t.c.s.AnnotationConfigContextLoaderUtils - Could not detect default configuration classes for test class [org.example.carrental.service.UserServiceTest]: UserServiceTest does not declare any static, non-private, non-final, nested classes annotated with @Configuration.
2025-02-28 16:49:31 [main] INFO  o.s.b.t.c.SpringBootTestContextBootstrapper - Found @SpringBootConfiguration org.example.carrental.CarrentalApplication for test class org.example.carrental.service.UserServiceTest
2025-02-28 16:49:31 [main] INFO  o.s.t.c.s.AnnotationConfigContextLoaderUtils - Could not detect default configuration classes for test class [org.example.carrental.service.RentalServiceTest]: RentalServiceTest does not declare any static, non-private, non-final, nested classes annotated with @Configuration.
2025-02-28 16:49:31 [main] INFO  o.s.b.t.c.SpringBootTestContextBootstrapper - Found @SpringBootConfiguration org.example.carrental.CarrentalApplication for test class org.example.carrental.service.RentalServiceTest
2025-02-28 16:49:32 [SpringApplicationShutdownHook] INFO  o.s.o.j.LocalContainerEntityManagerFactoryBean - Closing JPA EntityManagerFactory for persistence unit 'default'
2025-02-28 16:49:32 [SpringApplicationShutdownHook] INFO  com.zaxxer.hikari.HikariDataSource - HikariPool-1 - Shutdown initiated...
2025-02-28 16:49:32 [SpringApplicationShutdownHook] INFO  com.zaxxer.hikari.HikariDataSource - HikariPool-1 - Shutdown completed.
2025-02-28 16:49:32 [SpringApplicationShutdownHook] INFO  o.s.o.j.LocalContainerEntityManagerFactoryBean - Closing JPA EntityManagerFactory for persistence unit 'default'
2025-02-28 16:49:32 [SpringApplicationShutdownHook] INFO  com.zaxxer.hikari.HikariDataSource - HikariPool-2 - Shutdown initiated...
2025-02-28 16:49:32 [SpringApplicationShutdownHook] INFO  com.zaxxer.hikari.HikariDataSource - HikariPool-2 - Shutdown completed.
2025-02-28 16:58:01 [main] INFO  o.s.t.c.s.AnnotationConfigContextLoaderUtils - Could not detect default configuration classes for test class [org.example.carrental.CarrentalApplicationTests]: CarrentalApplicationTests does not declare any static, non-private, non-final, nested classes annotated with @Configuration.
2025-02-28 16:58:01 [main] INFO  o.s.b.t.c.SpringBootTestContextBootstrapper - Found @SpringBootConfiguration org.example.carrental.CarrentalApplication for test class org.example.carrental.CarrentalApplicationTests
2025-02-28 16:58:01 [background-preinit] INFO  o.h.validator.internal.util.Version - HV000001: Hibernate Validator 8.0.2.Final
2025-02-28 16:58:01 [main] INFO  o.e.c.CarrentalApplicationTests - Starting CarrentalApplicationTests using Java 17.0.14 with PID 3696 (started by user in C:\Users\kms76\IdeaProjects\carrental)
2025-02-28 16:58:01 [main] INFO  o.e.c.CarrentalApplicationTests - No active profile set, falling back to 1 default profile: "default"
2025-02-28 16:58:03 [main] INFO  o.s.d.r.c.RepositoryConfigurationDelegate - Bootstrapping Spring Data JPA repositories in DEFAULT mode.
2025-02-28 16:58:03 [main] INFO  o.s.d.r.c.RepositoryConfigurationDelegate - Finished Spring Data repository scanning in 78 ms. Found 5 JPA repository interfaces.
2025-02-28 16:58:03 [main] INFO  o.h.jpa.internal.util.LogHelper - HHH000204: Processing PersistenceUnitInfo [name: default]
2025-02-28 16:58:03 [main] INFO  org.hibernate.Version - HHH000412: Hibernate ORM core version 6.5.3.Final
2025-02-28 16:58:03 [main] INFO  o.h.c.i.RegionFactoryInitiator - HHH000026: Second-level cache disabled
2025-02-28 16:58:04 [main] INFO  o.s.o.j.p.SpringPersistenceUnitInfo - No LoadTimeWeaver setup: ignoring JPA class transformer
2025-02-28 16:58:04 [main] INFO  com.zaxxer.hikari.HikariDataSource - HikariPool-1 - Starting...
2025-02-28 16:58:04 [main] INFO  com.zaxxer.hikari.pool.HikariPool - HikariPool-1 - Added connection org.postgresql.jdbc.PgConnection@69a73867
2025-02-28 16:58:04 [main] INFO  com.zaxxer.hikari.HikariDataSource - HikariPool-1 - Start completed.
2025-02-28 16:58:05 [main] INFO  o.h.e.t.j.p.i.JtaPlatformInitiator - HHH000489: No JTA platform available (set 'hibernate.transaction.jta.platform' to enable JTA platform integration)
2025-02-28 16:58:06 [main] INFO  o.s.o.j.LocalContainerEntityManagerFactoryBean - Initialized JPA EntityManagerFactory for persistence unit 'default'
2025-02-28 16:58:06 [main] INFO  o.s.d.j.r.query.QueryEnhancerFactory - Hibernate is in classpath; If applicable, HQL parser will be used.
2025-02-28 16:58:07 [main] WARN  o.s.b.a.o.j.JpaBaseConfiguration$JpaWebConfiguration - spring.jpa.open-in-view is enabled by default. Therefore, database queries may be performed during view rendering. Explicitly configure spring.jpa.open-in-view to disable this warning
2025-02-28 16:58:08 [main] INFO  o.e.c.CarrentalApplicationTests - Started CarrentalApplicationTests in 6.435 seconds (process running for 8.584)
2025-02-28 16:58:08 [main] INFO  o.e.c.c.RentalControllerTest - Starting RentalControllerTest using Java 17.0.14 with PID 3696 (started by user in C:\Users\kms76\IdeaProjects\carrental)
2025-02-28 16:58:08 [main] INFO  o.e.c.c.RentalControllerTest - No active profile set, falling back to 1 default profile: "default"
2025-02-28 16:58:09 [main] INFO  o.s.d.r.c.RepositoryConfigurationDelegate - Bootstrapping Spring Data JPA repositories in DEFAULT mode.
2025-02-28 16:58:09 [main] INFO  o.s.d.r.c.RepositoryConfigurationDelegate - Finished Spring Data repository scanning in 22 ms. Found 5 JPA repository interfaces.
2025-02-28 16:58:09 [main] INFO  o.h.jpa.internal.util.LogHelper - HHH000204: Processing PersistenceUnitInfo [name: default]
2025-02-28 16:58:09 [main] INFO  o.h.c.i.RegionFactoryInitiator - HHH000026: Second-level cache disabled
2025-02-28 16:58:09 [main] INFO  o.s.o.j.p.SpringPersistenceUnitInfo - No LoadTimeWeaver setup: ignoring JPA class transformer
2025-02-28 16:58:09 [main] INFO  com.zaxxer.hikari.HikariDataSource - HikariPool-2 - Starting...
2025-02-28 16:58:09 [main] INFO  com.zaxxer.hikari.pool.HikariPool - HikariPool-2 - Added connection org.postgresql.jdbc.PgConnection@7b6846c6
2025-02-28 16:58:09 [main] INFO  com.zaxxer.hikari.HikariDataSource - HikariPool-2 - Start completed.
2025-02-28 16:58:09 [main] INFO  o.h.e.t.j.p.i.JtaPlatformInitiator - HHH000489: No JTA platform available (set 'hibernate.transaction.jta.platform' to enable JTA platform integration)
2025-02-28 16:58:09 [main] INFO  o.s.o.j.LocalContainerEntityManagerFactoryBean - Initialized JPA EntityManagerFactory for persistence unit 'default'
2025-02-28 16:58:09 [main] WARN  o.s.b.a.o.j.JpaBaseConfiguration$JpaWebConfiguration - spring.jpa.open-in-view is enabled by default. Therefore, database queries may be performed during view rendering. Explicitly configure spring.jpa.open-in-view to disable this warning
2025-02-28 16:58:10 [main] INFO  o.s.b.t.m.w.SpringBootMockServletContext - Initializing Spring TestDispatcherServlet ''
2025-02-28 16:58:10 [main] INFO  o.s.t.w.s.TestDispatcherServlet - Initializing Servlet ''
2025-02-28 16:58:10 [main] INFO  o.s.t.w.s.TestDispatcherServlet - Completed initialization in 2 ms
2025-02-28 16:58:10 [main] INFO  o.e.c.c.RentalControllerTest - Started RentalControllerTest in 1.405 seconds (process running for 10.699)
2025-02-28 16:58:11 [main] INFO  o.s.t.c.s.AnnotationConfigContextLoaderUtils - Could not detect default configuration classes for test class [org.example.carrental.controller.UserControllerTest]: UserControllerTest does not declare any static, non-private, non-final, nested classes annotated with @Configuration.
2025-02-28 16:58:11 [main] INFO  o.s.b.t.c.SpringBootTestContextBootstrapper - Found @SpringBootConfiguration org.example.carrental.CarrentalApplication for test class org.example.carrental.controller.UserControllerTest
2025-02-28 16:58:11 [main] ERROR o.e.c.c.c.MyExceptionController - 이미 존재하는 태그
2025-02-28 16:58:11 [main] ERROR o.e.c.c.c.MyExceptionController - org.hibernate.loader.MultipleBagFetchException: cannot simultaneously fetch multiple bags: [org.example.carrental.entity.Car.carTags, org.example.carrental.entity.Car.rentals]
2025-02-28 16:58:12 [main] INFO  o.e.carrental.service.CarService - 자동차(ID: 1533) 삭제 완료
2025-02-28 16:58:13 [main] INFO  o.s.t.c.s.AnnotationConfigContextLoaderUtils - Could not detect default configuration classes for test class [org.example.carrental.E2E.E2E]: E2E does not declare any static, non-private, non-final, nested classes annotated with @Configuration.
2025-02-28 16:58:13 [main] INFO  o.s.b.t.c.SpringBootTestContextBootstrapper - Found @SpringBootConfiguration org.example.carrental.CarrentalApplication for test class org.example.carrental.E2E.E2E
2025-02-28 16:58:13 [main] ERROR o.e.c.c.c.MyExceptionController - 렌탈 중인 차량: 렌탈 중인 차량입니다. (ID: 1540)
2025-02-28 16:58:13 [main] ERROR o.e.c.c.c.MyExceptionController - Validation failed for classes [org.example.carrental.entity.Car] during persist time for groups [jakarta.validation.groups.Default, ]
List of constraint violations:[
	ConstraintViolationImpl{interpolatedMessage='자동차 이름은 필수입니다.', propertyPath=name, rootBeanClass=class org.example.carrental.entity.Car, messageTemplate='자동차 이름은 필수입니다.'}
]
2025-02-28 16:58:13 [main] ERROR o.e.c.c.c.MyExceptionController - Car not found: 자동차 ID 999 를 찾을 수 없음
2025-02-28 16:58:13 [main] ERROR o.e.c.c.c.MyExceptionController - 해당 ID의 사용자를 찾을 수 없음
2025-02-28 16:58:13 [main] INFO  o.e.carrental.service.CarService - 자동차(ID: 1541) 삭제 완료
2025-02-28 16:58:13 [main] ERROR o.e.c.c.c.MyExceptionController - 해당 ID의 자동차를 찾을 수 없음
2025-02-28 16:58:13 [main] INFO  o.s.t.c.s.AnnotationConfigContextLoaderUtils - Could not detect default configuration classes for test class [org.example.carrental.service.CarServiceTest]: CarServiceTest does not declare any static, non-private, non-final, nested classes annotated with @Configuration.
2025-02-28 16:58:13 [main] INFO  o.s.b.t.c.SpringBootTestContextBootstrapper - Found @SpringBootConfiguration org.example.carrental.CarrentalApplication for test class org.example.carrental.service.CarServiceTest
2025-02-28 16:58:13 [main] INFO  o.e.carrental.service.CarService - 자동차(ID: 1549) 삭제 완료
2025-02-28 16:58:13 [main] INFO  o.s.t.c.s.AnnotationConfigContextLoaderUtils - Could not detect default configuration classes for test class [org.example.carrental.service.UserServiceTest]: UserServiceTest does not declare any static, non-private, non-final, nested classes annotated with @Configuration.
2025-02-28 16:58:13 [main] INFO  o.s.b.t.c.SpringBootTestContextBootstrapper - Found @SpringBootConfiguration org.example.carrental.CarrentalApplication for test class org.example.carrental.service.UserServiceTest
2025-02-28 16:58:13 [main] INFO  o.s.t.c.s.AnnotationConfigContextLoaderUtils - Could not detect default configuration classes for test class [org.example.carrental.service.RentalServiceTest]: RentalServiceTest does not declare any static, non-private, non-final, nested classes annotated with @Configuration.
2025-02-28 16:58:13 [main] INFO  o.s.b.t.c.SpringBootTestContextBootstrapper - Found @SpringBootConfiguration org.example.carrental.CarrentalApplication for test class org.example.carrental.service.RentalServiceTest
2025-02-28 16:58:14 [SpringApplicationShutdownHook] INFO  o.s.o.j.LocalContainerEntityManagerFactoryBean - Closing JPA EntityManagerFactory for persistence unit 'default'
2025-02-28 16:58:14 [SpringApplicationShutdownHook] INFO  com.zaxxer.hikari.HikariDataSource - HikariPool-1 - Shutdown initiated...
2025-02-28 16:58:14 [SpringApplicationShutdownHook] INFO  com.zaxxer.hikari.HikariDataSource - HikariPool-1 - Shutdown completed.
2025-02-28 16:58:14 [SpringApplicationShutdownHook] INFO  o.s.o.j.LocalContainerEntityManagerFactoryBean - Closing JPA EntityManagerFactory for persistence unit 'default'
2025-02-28 16:58:14 [SpringApplicationShutdownHook] INFO  com.zaxxer.hikari.HikariDataSource - HikariPool-2 - Shutdown initiated...
2025-02-28 16:58:14 [SpringApplicationShutdownHook] INFO  com.zaxxer.hikari.HikariDataSource - HikariPool-2 - Shutdown completed.
2025-02-28 17:00:33 [background-preinit] INFO  o.h.validator.internal.util.Version - HV000001: Hibernate Validator 8.0.2.Final
2025-02-28 17:00:33 [main] INFO  o.e.c.controller.CarControllerTest - Starting CarControllerTest using Java 17.0.14 with PID 6872 (started by user in C:\Users\kms76\IdeaProjects\carrental)
2025-02-28 17:00:33 [main] INFO  o.e.c.controller.CarControllerTest - No active profile set, falling back to 1 default profile: "default"
2025-02-28 17:00:34 [main] INFO  o.s.d.r.c.RepositoryConfigurationDelegate - Bootstrapping Spring Data JPA repositories in DEFAULT mode.
2025-02-28 17:00:34 [main] INFO  o.s.d.r.c.RepositoryConfigurationDelegate - Finished Spring Data repository scanning in 100 ms. Found 5 JPA repository interfaces.
2025-02-28 17:00:35 [main] INFO  o.h.jpa.internal.util.LogHelper - HHH000204: Processing PersistenceUnitInfo [name: default]
2025-02-28 17:00:35 [main] INFO  org.hibernate.Version - HHH000412: Hibernate ORM core version 6.5.3.Final
2025-02-28 17:00:35 [main] INFO  o.h.c.i.RegionFactoryInitiator - HHH000026: Second-level cache disabled
2025-02-28 17:00:35 [main] INFO  o.s.o.j.p.SpringPersistenceUnitInfo - No LoadTimeWeaver setup: ignoring JPA class transformer
2025-02-28 17:00:35 [main] INFO  com.zaxxer.hikari.HikariDataSource - HikariPool-1 - Starting...
2025-02-28 17:00:36 [main] INFO  com.zaxxer.hikari.pool.HikariPool - HikariPool-1 - Added connection org.postgresql.jdbc.PgConnection@71e7830a
2025-02-28 17:00:36 [main] INFO  com.zaxxer.hikari.HikariDataSource - HikariPool-1 - Start completed.
2025-02-28 17:00:37 [main] INFO  o.h.e.t.j.p.i.JtaPlatformInitiator - HHH000489: No JTA platform available (set 'hibernate.transaction.jta.platform' to enable JTA platform integration)
2025-02-28 17:00:37 [main] INFO  o.s.o.j.LocalContainerEntityManagerFactoryBean - Initialized JPA EntityManagerFactory for persistence unit 'default'
2025-02-28 17:00:38 [main] INFO  o.s.d.j.r.query.QueryEnhancerFactory - Hibernate is in classpath; If applicable, HQL parser will be used.
2025-02-28 17:00:39 [main] WARN  o.s.b.a.o.j.JpaBaseConfiguration$JpaWebConfiguration - spring.jpa.open-in-view is enabled by default. Therefore, database queries may be performed during view rendering. Explicitly configure spring.jpa.open-in-view to disable this warning
2025-02-28 17:00:39 [main] INFO  o.s.b.t.m.w.SpringBootMockServletContext - Initializing Spring TestDispatcherServlet ''
2025-02-28 17:00:39 [main] INFO  o.s.t.w.s.TestDispatcherServlet - Initializing Servlet ''
2025-02-28 17:00:39 [main] INFO  o.s.t.w.s.TestDispatcherServlet - Completed initialization in 2 ms
2025-02-28 17:00:39 [main] INFO  o.e.c.controller.CarControllerTest - Started CarControllerTest in 6.868 seconds (process running for 8.762)
2025-02-28 17:00:41 [main] ERROR o.e.c.c.c.MyExceptionController - 이미 존재하는 태그
2025-02-28 17:00:42 [main] INFO  o.e.carrental.service.CarService - 자동차(ID: 1573) 삭제 완료
2025-02-28 17:00:42 [SpringApplicationShutdownHook] INFO  o.s.o.j.LocalContainerEntityManagerFactoryBean - Closing JPA EntityManagerFactory for persistence unit 'default'
2025-02-28 17:00:42 [SpringApplicationShutdownHook] INFO  com.zaxxer.hikari.HikariDataSource - HikariPool-1 - Shutdown initiated...
2025-02-28 17:00:42 [SpringApplicationShutdownHook] INFO  com.zaxxer.hikari.HikariDataSource - HikariPool-1 - Shutdown completed.
2025-02-28 17:12:17 [main] INFO  o.s.t.c.s.AnnotationConfigContextLoaderUtils - Could not detect default configuration classes for test class [org.example.carrental.CarrentalApplicationTests]: CarrentalApplicationTests does not declare any static, non-private, non-final, nested classes annotated with @Configuration.
2025-02-28 17:12:17 [main] INFO  o.s.b.t.c.SpringBootTestContextBootstrapper - Found @SpringBootConfiguration org.example.carrental.CarrentalApplication for test class org.example.carrental.CarrentalApplicationTests
2025-02-28 17:12:17 [background-preinit] INFO  o.h.validator.internal.util.Version - HV000001: Hibernate Validator 8.0.2.Final
2025-02-28 17:12:17 [main] INFO  o.e.c.CarrentalApplicationTests - Starting CarrentalApplicationTests using Java 17.0.14 with PID 15156 (started by user in C:\Users\kms76\IdeaProjects\carrental)
2025-02-28 17:12:17 [main] INFO  o.e.c.CarrentalApplicationTests - No active profile set, falling back to 1 default profile: "default"
2025-02-28 17:12:18 [main] INFO  o.s.d.r.c.RepositoryConfigurationDelegate - Bootstrapping Spring Data JPA repositories in DEFAULT mode.
2025-02-28 17:12:18 [main] INFO  o.s.d.r.c.RepositoryConfigurationDelegate - Finished Spring Data repository scanning in 80 ms. Found 5 JPA repository interfaces.
2025-02-28 17:12:19 [main] INFO  o.h.jpa.internal.util.LogHelper - HHH000204: Processing PersistenceUnitInfo [name: default]
2025-02-28 17:12:19 [main] INFO  org.hibernate.Version - HHH000412: Hibernate ORM core version 6.5.3.Final
2025-02-28 17:12:19 [main] INFO  o.h.c.i.RegionFactoryInitiator - HHH000026: Second-level cache disabled
2025-02-28 17:12:19 [main] INFO  o.s.o.j.p.SpringPersistenceUnitInfo - No LoadTimeWeaver setup: ignoring JPA class transformer
2025-02-28 17:12:20 [main] INFO  com.zaxxer.hikari.HikariDataSource - HikariPool-1 - Starting...
2025-02-28 17:12:20 [main] INFO  com.zaxxer.hikari.pool.HikariPool - HikariPool-1 - Added connection org.postgresql.jdbc.PgConnection@69a73867
2025-02-28 17:12:20 [main] INFO  com.zaxxer.hikari.HikariDataSource - HikariPool-1 - Start completed.
2025-02-28 17:12:21 [main] INFO  o.h.e.t.j.p.i.JtaPlatformInitiator - HHH000489: No JTA platform available (set 'hibernate.transaction.jta.platform' to enable JTA platform integration)
2025-02-28 17:12:21 [main] INFO  o.s.o.j.LocalContainerEntityManagerFactoryBean - Initialized JPA EntityManagerFactory for persistence unit 'default'
2025-02-28 17:12:22 [main] INFO  o.s.d.j.r.query.QueryEnhancerFactory - Hibernate is in classpath; If applicable, HQL parser will be used.
2025-02-28 17:12:23 [main] WARN  o.s.b.a.o.j.JpaBaseConfiguration$JpaWebConfiguration - spring.jpa.open-in-view is enabled by default. Therefore, database queries may be performed during view rendering. Explicitly configure spring.jpa.open-in-view to disable this warning
2025-02-28 17:12:23 [main] INFO  o.e.c.CarrentalApplicationTests - Started CarrentalApplicationTests in 6.375 seconds (process running for 8.535)
2025-02-28 17:12:24 [main] INFO  o.e.c.c.RentalControllerTest - Starting RentalControllerTest using Java 17.0.14 with PID 15156 (started by user in C:\Users\kms76\IdeaProjects\carrental)
2025-02-28 17:12:24 [main] INFO  o.e.c.c.RentalControllerTest - No active profile set, falling back to 1 default profile: "default"
2025-02-28 17:12:24 [main] INFO  o.s.d.r.c.RepositoryConfigurationDelegate - Bootstrapping Spring Data JPA repositories in DEFAULT mode.
2025-02-28 17:12:24 [main] INFO  o.s.d.r.c.RepositoryConfigurationDelegate - Finished Spring Data repository scanning in 20 ms. Found 5 JPA repository interfaces.
2025-02-28 17:12:24 [main] INFO  o.h.jpa.internal.util.LogHelper - HHH000204: Processing PersistenceUnitInfo [name: default]
2025-02-28 17:12:25 [main] INFO  o.h.c.i.RegionFactoryInitiator - HHH000026: Second-level cache disabled
2025-02-28 17:12:25 [main] INFO  o.s.o.j.p.SpringPersistenceUnitInfo - No LoadTimeWeaver setup: ignoring JPA class transformer
2025-02-28 17:12:25 [main] INFO  com.zaxxer.hikari.HikariDataSource - HikariPool-2 - Starting...
2025-02-28 17:12:25 [main] INFO  com.zaxxer.hikari.pool.HikariPool - HikariPool-2 - Added connection org.postgresql.jdbc.PgConnection@373efaa2
2025-02-28 17:12:25 [main] INFO  com.zaxxer.hikari.HikariDataSource - HikariPool-2 - Start completed.
2025-02-28 17:12:25 [main] INFO  o.h.e.t.j.p.i.JtaPlatformInitiator - HHH000489: No JTA platform available (set 'hibernate.transaction.jta.platform' to enable JTA platform integration)
2025-02-28 17:12:25 [main] INFO  o.s.o.j.LocalContainerEntityManagerFactoryBean - Initialized JPA EntityManagerFactory for persistence unit 'default'
2025-02-28 17:12:25 [main] WARN  o.s.b.a.o.j.JpaBaseConfiguration$JpaWebConfiguration - spring.jpa.open-in-view is enabled by default. Therefore, database queries may be performed during view rendering. Explicitly configure spring.jpa.open-in-view to disable this warning
2025-02-28 17:12:25 [main] INFO  o.s.b.t.m.w.SpringBootMockServletContext - Initializing Spring TestDispatcherServlet ''
2025-02-28 17:12:25 [main] INFO  o.s.t.w.s.TestDispatcherServlet - Initializing Servlet ''
2025-02-28 17:12:25 [main] INFO  o.s.t.w.s.TestDispatcherServlet - Completed initialization in 2 ms
2025-02-28 17:12:25 [main] INFO  o.e.c.c.RentalControllerTest - Started RentalControllerTest in 1.26 seconds (process running for 10.511)
2025-02-28 17:12:26 [main] INFO  o.s.t.c.s.AnnotationConfigContextLoaderUtils - Could not detect default configuration classes for test class [org.example.carrental.controller.UserControllerTest]: UserControllerTest does not declare any static, non-private, non-final, nested classes annotated with @Configuration.
2025-02-28 17:12:26 [main] INFO  o.s.b.t.c.SpringBootTestContextBootstrapper - Found @SpringBootConfiguration org.example.carrental.CarrentalApplication for test class org.example.carrental.controller.UserControllerTest
2025-02-28 17:12:26 [main] ERROR o.e.c.c.c.MyExceptionController - 이미 존재하는 태그
2025-02-28 17:12:27 [main] ERROR o.e.c.c.c.MyExceptionController - org.hibernate.loader.MultipleBagFetchException: cannot simultaneously fetch multiple bags: [org.example.carrental.entity.Car.carTags, org.example.carrental.entity.Car.rentals]
2025-02-28 17:12:28 [main] INFO  o.e.carrental.service.CarService - 자동차(ID: 1588) 삭제 완료
2025-02-28 17:12:28 [main] INFO  o.s.t.c.s.AnnotationConfigContextLoaderUtils - Could not detect default configuration classes for test class [org.example.carrental.E2E.E2E]: E2E does not declare any static, non-private, non-final, nested classes annotated with @Configuration.
2025-02-28 17:12:28 [main] INFO  o.s.b.t.c.SpringBootTestContextBootstrapper - Found @SpringBootConfiguration org.example.carrental.CarrentalApplication for test class org.example.carrental.E2E.E2E
2025-02-28 17:12:28 [main] ERROR o.e.c.c.c.MyExceptionController - 렌탈 중인 차량: 렌탈 중인 차량입니다. (ID: 1595)
2025-02-28 17:12:28 [main] ERROR o.e.c.c.c.MyExceptionController - Validation failed for classes [org.example.carrental.entity.Car] during persist time for groups [jakarta.validation.groups.Default, ]
List of constraint violations:[
	ConstraintViolationImpl{interpolatedMessage='자동차 이름은 필수입니다.', propertyPath=name, rootBeanClass=class org.example.carrental.entity.Car, messageTemplate='자동차 이름은 필수입니다.'}
]
2025-02-28 17:12:28 [main] ERROR o.e.c.c.c.MyExceptionController - Car not found: 자동차 ID 999 를 찾을 수 없음
2025-02-28 17:12:28 [main] ERROR o.e.c.c.c.MyExceptionController - 해당 ID의 사용자를 찾을 수 없음
2025-02-28 17:12:28 [main] INFO  o.e.carrental.service.CarService - 자동차(ID: 1596) 삭제 완료
2025-02-28 17:12:28 [main] ERROR o.e.c.c.c.MyExceptionController - 해당 ID의 자동차를 찾을 수 없음
2025-02-28 17:12:28 [main] INFO  o.s.t.c.s.AnnotationConfigContextLoaderUtils - Could not detect default configuration classes for test class [org.example.carrental.service.CarServiceTest]: CarServiceTest does not declare any static, non-private, non-final, nested classes annotated with @Configuration.
2025-02-28 17:12:28 [main] INFO  o.s.b.t.c.SpringBootTestContextBootstrapper - Found @SpringBootConfiguration org.example.carrental.CarrentalApplication for test class org.example.carrental.service.CarServiceTest
2025-02-28 17:12:28 [main] INFO  o.e.carrental.service.CarService - 자동차(ID: 1604) 삭제 완료
2025-02-28 17:12:28 [main] INFO  o.s.t.c.s.AnnotationConfigContextLoaderUtils - Could not detect default configuration classes for test class [org.example.carrental.service.UserServiceTest]: UserServiceTest does not declare any static, non-private, non-final, nested classes annotated with @Configuration.
2025-02-28 17:12:28 [main] INFO  o.s.b.t.c.SpringBootTestContextBootstrapper - Found @SpringBootConfiguration org.example.carrental.CarrentalApplication for test class org.example.carrental.service.UserServiceTest
2025-02-28 17:12:28 [main] INFO  o.s.t.c.s.AnnotationConfigContextLoaderUtils - Could not detect default configuration classes for test class [org.example.carrental.service.RentalServiceTest]: RentalServiceTest does not declare any static, non-private, non-final, nested classes annotated with @Configuration.
2025-02-28 17:12:28 [main] INFO  o.s.b.t.c.SpringBootTestContextBootstrapper - Found @SpringBootConfiguration org.example.carrental.CarrentalApplication for test class org.example.carrental.service.RentalServiceTest
2025-02-28 17:12:29 [SpringApplicationShutdownHook] INFO  o.s.o.j.LocalContainerEntityManagerFactoryBean - Closing JPA EntityManagerFactory for persistence unit 'default'
2025-02-28 17:12:29 [SpringApplicationShutdownHook] INFO  com.zaxxer.hikari.HikariDataSource - HikariPool-1 - Shutdown initiated...
2025-02-28 17:12:29 [SpringApplicationShutdownHook] INFO  com.zaxxer.hikari.HikariDataSource - HikariPool-1 - Shutdown completed.
2025-02-28 17:12:29 [SpringApplicationShutdownHook] INFO  o.s.o.j.LocalContainerEntityManagerFactoryBean - Closing JPA EntityManagerFactory for persistence unit 'default'
2025-02-28 17:12:29 [SpringApplicationShutdownHook] INFO  com.zaxxer.hikari.HikariDataSource - HikariPool-2 - Shutdown initiated...
2025-02-28 17:12:29 [SpringApplicationShutdownHook] INFO  com.zaxxer.hikari.HikariDataSource - HikariPool-2 - Shutdown completed.
